tf.__version__ is 2.2.0-rc0
tf.keras.__version__ is: 2.2.4-tf
loading model from file: models/Breakout__90.0max_34.0avg_18.0min__1586815605.model
weights restored successfully..
Model: "sequential"
_________________________________________________________________
Layer (type)                 Output Shape              Param #   
=================================================================
conv2d (Conv2D)              (None, 32, 20, 20)        8224      
_________________________________________________________________
conv2d_1 (Conv2D)            (None, 64, 9, 9)          32832     
_________________________________________________________________
conv2d_2 (Conv2D)            (None, 64, 7, 7)          36928     
_________________________________________________________________
flatten (Flatten)            (None, 3136)              0         
_________________________________________________________________
dense (Dense)                (None, 512)               1606144   
_________________________________________________________________
dense_1 (Dense)              (None, 4)                 2052      
=================================================================
Total params: 1,686,180
Trainable params: 1,686,180
Non-trainable params: 0
_________________________________________________________________
None
reward_avg=21.5, reward_min=0, reward_max=43.0, epsilon=0.19
reward_avg=28.38, reward_min=6.0, reward_max=47.0, epsilon=0.18860851560596248
min_reward>old_min_reward saving model...
reward_avg=33.06, reward_min=12.0, reward_max=68.0, epsilon=0.18719913780663536
min_reward>old_min_reward saving model...
reward_avg=34.0, reward_min=14.0, reward_max=68.0, epsilon=0.185800291587894
min_reward>old_min_reward saving model...
reward_avg=36.7, reward_min=12.0, reward_max=78.0, epsilon=0.1844118982524649
reward_avg=31.0, reward_min=10.0, reward_max=57.0, epsilon=0.18303387969114088
reward_avg=31.3, reward_min=9.0, reward_max=73.0, epsilon=0.18166615837838554
reward_avg=34.14, reward_min=7.0, reward_max=72.0, epsilon=0.18030865736797283
reward_avg=36.2, reward_min=15.0, reward_max=67.0, epsilon=0.17896130028865723
min_reward>old_min_reward saving model...
reward_avg=38.58, reward_min=5.0, reward_max=248.0, epsilon=0.17762401133987785
reward_avg=37.62, reward_min=12.0, reward_max=77.0, epsilon=0.17629671528749352
reward_avg=34.4, reward_min=9.0, reward_max=76.0, epsilon=0.17497933745955083
reward_avg=35.5, reward_min=13.0, reward_max=66.0, epsilon=0.17367180374208252
reward_avg=39.42, reward_min=3.0, reward_max=94.0, epsilon=0.17237404057493827
reward_avg=36.26, reward_min=2.0, reward_max=101.0, epsilon=0.17108597494764619
reward_avg=35.12, reward_min=9.0, reward_max=69.0, epsilon=0.16980753439530558
reward_avg=38.8, reward_min=12.0, reward_max=88.0, epsilon=0.16853864699450985
reward_avg=41.64, reward_min=12.0, reward_max=82.0, epsilon=0.16727924135930014
reward_avg=40.72, reward_min=10.0, reward_max=305.0, epsilon=0.16602924663714982
reward_avg=35.98, reward_min=5.0, reward_max=69.0, epsilon=0.16478859250497774
reward_avg=36.18, reward_min=7.0, reward_max=71.0, epsilon=0.16355720916519223
reward_avg=34.18, reward_min=11.0, reward_max=69.0, epsilon=0.16233502734176436
reward_avg=31.66, reward_min=6.0, reward_max=61.0, epsilon=0.1611219782763307
reward_avg=33.18, reward_min=11.0, reward_max=73.0, epsilon=0.15991799372432502
reward_avg=39.74, reward_min=19.0, reward_max=63.0, epsilon=0.1587230059511384
min_reward>old_min_reward saving model...
reward_avg=39.36, reward_min=9.0, reward_max=76.0, epsilon=0.15753694772830953
reward_avg=40.78, reward_min=12.0, reward_max=82.0, epsilon=0.15635975232974184
reward_avg=35.62, reward_min=4.0, reward_max=73.0, epsilon=0.15519135352794966
reward_avg=36.8, reward_min=11.0, reward_max=61.0, epsilon=0.15403168559033253
reward_avg=37.46, reward_min=3.0, reward_max=72.0, epsilon=0.152880683275477
reward_avg=39.38, reward_min=15.0, reward_max=68.0, epsilon=0.1517382818294863
reward_avg=41.42, reward_min=17.0, reward_max=75.0, epsilon=0.15060441698233754
reward_avg=38.54, reward_min=10.0, reward_max=86.0, epsilon=0.14947902494426563
reward_avg=41.34, reward_min=5.0, reward_max=334.0, epsilon=0.14836204240217502
reward_avg=34.4, reward_min=12.0, reward_max=78.0, epsilon=0.14725340651607707
reward_avg=35.8, reward_min=10.0, reward_max=72.0, epsilon=0.1461530549155554
reward_avg=39.12, reward_min=6.0, reward_max=77.0, epsilon=0.14506092569625675
reward_avg=35.78, reward_min=10.0, reward_max=82.0, epsilon=0.14397695741640854
reward_avg=39.84, reward_min=15.0, reward_max=67.0, epsilon=0.1429010890933616
reward_avg=38.0, reward_min=14.0, reward_max=76.0, epsilon=0.14183326020016035
reward_avg=37.4, reward_min=13.0, reward_max=87.0, epsilon=0.14077341066213686
reward_avg=40.72, reward_min=9.0, reward_max=77.0, epsilon=0.13972148085353125
reward_avg=33.94, reward_min=8.0, reward_max=57.0, epsilon=0.13867741159413755
reward_avg=43.04, reward_min=11.0, reward_max=94.0, epsilon=0.137641144145974
reward_avg=38.08, reward_min=15.0, reward_max=65.0, epsilon=0.1366126202099785
reward_avg=37.5, reward_min=12.0, reward_max=73.0, epsilon=0.1355917819227291
reward_avg=39.78, reward_min=13.0, reward_max=70.0, epsilon=0.13457857185318844
reward_avg=41.2, reward_min=14.0, reward_max=83.0, epsilon=0.13357293299947268
reward_avg=42.58, reward_min=15.0, reward_max=215.0, epsilon=0.13257480878564476
reward_avg=41.26, reward_min=19.0, reward_max=72.0, epsilon=0.13158414305853158
reward_avg=42.96, reward_min=16.0, reward_max=69.0, epsilon=0.1306008800845648
reward_avg=38.44, reward_min=14.0, reward_max=77.0, epsilon=0.1296249645466455
reward_avg=40.12, reward_min=14.0, reward_max=62.0, epsilon=0.12865634154103173
reward_avg=37.36, reward_min=6.0, reward_max=70.0, epsilon=0.12769495657425015
reward_avg=41.22, reward_min=15.0, reward_max=68.0, epsilon=0.12674075556002992
reward_avg=42.62, reward_min=17.0, reward_max=83.0, epsilon=0.1257936848162601
reward_avg=42.48, reward_min=11.0, reward_max=278.0, epsilon=0.12485369106196977
reward_avg=38.72, reward_min=9.0, reward_max=67.0, epsilon=0.12392072141432989
reward_avg=39.4, reward_min=11.0, reward_max=87.0, epsilon=0.12299472338567873
reward_avg=43.42, reward_min=17.0, reward_max=76.0, epsilon=0.12207564488056871
reward_avg=39.32, reward_min=13.0, reward_max=82.0, epsilon=0.12116343419283573
reward_avg=41.12, reward_min=13.0, reward_max=77.0, epsilon=0.12025804000269025
reward_avg=42.12, reward_min=12.0, reward_max=81.0, epsilon=0.11935941137382991
reward_avg=43.68, reward_min=10.0, reward_max=127.0, epsilon=0.11846749775057407
reward_avg=43.36, reward_min=10.0, reward_max=78.0, epsilon=0.11758224895501965
reward_avg=45.0, reward_min=15.0, reward_max=90.0, epsilon=0.11670361518421814
reward_avg=45.94, reward_min=8.0, reward_max=89.0, epsilon=0.11583154700737362
reward_avg=43.44, reward_min=12.0, reward_max=88.0, epsilon=0.11496599536306207
reward_avg=39.06, reward_min=14.0, reward_max=91.0, epsilon=0.11410691155647112
reward_avg=39.66, reward_min=13.0, reward_max=81.0, epsilon=0.1132542472566606
reward_avg=46.08, reward_min=20.0, reward_max=87.0, epsilon=0.11240795449384335
min_reward>old_min_reward saving model...
reward_avg=41.04, reward_min=14.0, reward_max=99.0, epsilon=0.11156798565668667
reward_avg=44.5, reward_min=20.0, reward_max=90.0, epsilon=0.11073429348963372
reward_avg=41.22, reward_min=4.0, reward_max=117.0, epsilon=0.10990683109024497
reward_avg=39.76, reward_min=8.0, reward_max=78.0, epsilon=0.10908555190655954
reward_avg=42.7, reward_min=13.0, reward_max=98.0, epsilon=0.10827040973447631
reward_avg=42.14, reward_min=8.0, reward_max=85.0, epsilon=0.10746135871515433
reward_avg=40.1, reward_min=13.0, reward_max=83.0, epsilon=0.10665835333243304
reward_avg=45.14, reward_min=19.0, reward_max=100.0, epsilon=0.10586134841027167
reward_avg=45.36, reward_min=15.0, reward_max=183.0, epsilon=0.10507029911020735
reward_avg=42.3, reward_min=12.0, reward_max=87.0, epsilon=0.10428516092883307
reward_avg=41.9, reward_min=15.0, reward_max=90.0, epsilon=0.1035058896952934
reward_avg=41.6, reward_min=4.0, reward_max=105.0, epsilon=0.10273244156879992
reward_avg=41.44, reward_min=8.0, reward_max=85.0, epsilon=0.10196477303616469
reward_avg=45.2, reward_min=11.0, reward_max=79.0, epsilon=0.10120284090935226
reward_avg=47.34, reward_min=12.0, reward_max=182.0, epsilon=0.10044660232304972
reward_avg=42.78, reward_min=10.0, reward_max=82.0, epsilon=0.09969601473225562
reward_avg=45.2, reward_min=17.0, reward_max=85.0, epsilon=0.09895103590988594
reward_avg=47.3, reward_min=20.0, reward_max=90.0, epsilon=0.09821162394439883
reward_avg=45.32, reward_min=15.0, reward_max=98.0, epsilon=0.09747773723743658
reward_avg=45.32, reward_min=15.0, reward_max=125.0, epsilon=0.09674933450148536
reward_avg=50.1, reward_min=9.0, reward_max=185.0, epsilon=0.09602637475755244
reward_avg=41.3, reward_min=15.0, reward_max=66.0, epsilon=0.0953088173328606
reward_avg=41.36, reward_min=9.0, reward_max=76.0, epsilon=0.09459662185856045
reward_avg=45.34, reward_min=11.0, reward_max=140.0, epsilon=0.09388974826745855
reward_avg=49.52, reward_min=5.0, reward_max=92.0, epsilon=0.09318815679176394
reward_avg=50.8, reward_min=14.0, reward_max=87.0, epsilon=0.09249180796085055
reward_avg=45.28, reward_min=17.0, reward_max=86.0, epsilon=0.09180066259903674
reward_avg=53.58, reward_min=17.0, reward_max=217.0, epsilon=0.0911146818233813
reward_avg=50.66, reward_min=16.0, reward_max=98.0, epsilon=0.09043382704149594
reward_avg=54.8, reward_min=17.0, reward_max=203.0, epsilon=0.08975805994937405
reward_avg=46.18, reward_min=14.0, reward_max=70.0, epsilon=0.08908734252923593
reward_avg=54.04, reward_min=16.0, reward_max=213.0, epsilon=0.08842163704738977
reward_avg=45.3, reward_min=18.0, reward_max=85.0, epsilon=0.08776090605210907
reward_avg=47.2, reward_min=14.0, reward_max=92.0, epsilon=0.08710511237152531
reward_avg=51.2, reward_min=10.0, reward_max=148.0, epsilon=0.08645421911153701
reward_avg=45.88, reward_min=8.0, reward_max=194.0, epsilon=0.08580818965373395
reward_avg=46.3, reward_min=16.0, reward_max=97.0, epsilon=0.08516698765333718
reward_avg=50.04, reward_min=19.0, reward_max=100.0, epsilon=0.08453057703715407
reward_avg=55.44, reward_min=14.0, reward_max=298.0, epsilon=0.08389892200154922
reward_avg=52.3, reward_min=19.0, reward_max=257.0, epsilon=0.08327198701042987
reward_avg=60.44, reward_min=15.0, reward_max=240.0, epsilon=0.08264973679324698
reward_avg=42.82, reward_min=6.0, reward_max=94.0, epsilon=0.08203213634301072
reward_avg=43.72, reward_min=15.0, reward_max=106.0, epsilon=0.08141915091432117
reward_avg=53.04, reward_min=7.0, reward_max=297.0, epsilon=0.08081074602141358
reward_avg=50.96, reward_min=17.0, reward_max=280.0, epsilon=0.08020688743621808
reward_avg=47.12, reward_min=5.0, reward_max=84.0, epsilon=0.07960754118643429
reward_avg=52.42, reward_min=18.0, reward_max=243.0, epsilon=0.07901267355361978
reward_avg=51.78, reward_min=13.0, reward_max=96.0, epsilon=0.07842225107129351
reward_avg=45.78, reward_min=3.0, reward_max=116.0, epsilon=0.07783624052305271
reward_avg=71.12, reward_min=16.0, reward_max=305.0, epsilon=0.07725460894070435
reward_avg=61.16, reward_min=17.0, reward_max=198.0, epsilon=0.0766773236024103
reward_avg=64.04, reward_min=18.0, reward_max=221.0, epsilon=0.07610435203084653
reward_avg=51.08, reward_min=19.0, reward_max=111.0, epsilon=0.07553566199137594
reward_avg=54.4, reward_min=16.0, reward_max=243.0, epsilon=0.07497122149023483
reward_avg=49.5, reward_min=2.0, reward_max=290.0, epsilon=0.0744109987727329
reward_avg=49.86, reward_min=7.0, reward_max=123.0, epsilon=0.07385496232146713
reward_avg=54.26, reward_min=14.0, reward_max=224.0, epsilon=0.07330308085454824
reward_avg=55.42, reward_min=9.0, reward_max=320.0, epsilon=0.07275532332384105
reward_avg=59.06, reward_min=15.0, reward_max=311.0, epsilon=0.07221165891321754
reward_avg=54.5, reward_min=12.0, reward_max=241.0, epsilon=0.07167205703682356
reward_avg=55.16, reward_min=11.0, reward_max=270.0, epsilon=0.07113648733735761
reward_avg=52.78, reward_min=10.0, reward_max=240.0, epsilon=0.07060491968436337
reward_avg=49.76, reward_min=14.0, reward_max=225.0, epsilon=0.07007732417253451
reward_avg=47.66, reward_min=11.0, reward_max=106.0, epsilon=0.06955367112003204
reward_avg=54.32, reward_min=14.0, reward_max=180.0, epsilon=0.06903393106681481
reward_avg=52.96, reward_min=4.0, reward_max=115.0, epsilon=0.06851807477298179
reward_avg=52.98, reward_min=17.0, reward_max=110.0, epsilon=0.0680060732171272
reward_avg=53.5, reward_min=11.0, reward_max=191.0, epsilon=0.06749789759470798
reward_avg=60.24, reward_min=13.0, reward_max=309.0, epsilon=0.06699351931642294
reward_avg=55.08, reward_min=14.0, reward_max=182.0, epsilon=0.06649291000660462
reward_avg=50.32, reward_min=7.0, reward_max=134.0, epsilon=0.06599604150162287
reward_avg=62.92, reward_min=14.0, reward_max=269.0, epsilon=0.06550288584830033
reward_avg=59.0, reward_min=11.0, reward_max=244.0, epsilon=0.06501341530233988
reward_avg=52.86, reward_min=13.0, reward_max=197.0, epsilon=0.06452760232676365
reward_avg=48.48, reward_min=13.0, reward_max=117.0, epsilon=0.06404541959036406
reward_avg=44.4, reward_min=9.0, reward_max=143.0, epsilon=0.06356683996616602
reward_avg=51.1, reward_min=13.0, reward_max=219.0, epsilon=0.06309183652990095
reward_avg=47.7, reward_min=13.0, reward_max=203.0, epsilon=0.06262038255849184
reward_avg=44.16, reward_min=5.0, reward_max=105.0, epsilon=0.062152451528549986
reward_avg=52.28, reward_min=13.0, reward_max=214.0, epsilon=0.061688017114882816
reward_avg=50.4, reward_min=9.0, reward_max=171.0, epsilon=0.06122705318901289
reward_avg=41.56, reward_min=4.0, reward_max=105.0, epsilon=0.060769533817707895
reward_avg=47.04, reward_min=10.0, reward_max=130.0, epsilon=0.060315433261521646
reward_avg=69.82, reward_min=18.0, reward_max=237.0, epsilon=0.05986472597334608
reward_avg=65.56, reward_min=16.0, reward_max=265.0, epsilon=0.059417386596974035
reward_avg=53.58, reward_min=3.0, reward_max=327.0, epsilon=0.058973389965672626
reward_avg=61.56, reward_min=7.0, reward_max=386.0, epsilon=0.0585327111007675
reward_avg=59.14, reward_min=17.0, reward_max=246.0, epsilon=0.058095325210237574
reward_avg=58.72, reward_min=5.0, reward_max=254.0, epsilon=0.057661207687320144
reward_avg=62.76, reward_min=2.0, reward_max=255.0, epsilon=0.057230334109126695
reward_avg=50.72, reward_min=8.0, reward_max=200.0, epsilon=0.056802680235268806
reward_avg=60.24, reward_min=12.0, reward_max=294.0, epsilon=0.05637822200649448
reward_avg=66.64, reward_min=15.0, reward_max=274.0, epsilon=0.055956935543334536
reward_avg=71.52, reward_min=11.0, reward_max=322.0, epsilon=0.05553879714475919
reward_avg=84.4, reward_min=14.0, reward_max=328.0, epsilon=0.05512378328684473
reward_avg=60.98, reward_min=12.0, reward_max=329.0, epsilon=0.054711870621450026
reward_avg=44.42, reward_min=7.0, reward_max=185.0, epsilon=0.054303035974902984
reward_avg=48.84, reward_min=11.0, reward_max=223.0, epsilon=0.053897256346696905
reward_avg=55.9, reward_min=9.0, reward_max=297.0, epsilon=0.05349450890819647
reward_avg=70.64, reward_min=13.0, reward_max=300.0, epsilon=0.05309477100135334
reward_avg=63.6, reward_min=13.0, reward_max=228.0, epsilon=0.052698020137431634
reward_avg=68.12, reward_min=10.0, reward_max=279.0, epsilon=0.052304233995742494
reward_avg=55.84, reward_min=1.0, reward_max=185.0, epsilon=0.05191339042238861
reward_avg=63.02, reward_min=9.0, reward_max=280.0, epsilon=0.05152546742901766
reward_avg=57.76, reward_min=5.0, reward_max=209.0, epsilon=0.05114044319158546
reward_avg=64.8, reward_min=15.0, reward_max=287.0, epsilon=0.050758296049127974
reward_avg=86.38, reward_min=24.0, reward_max=249.0, epsilon=0.05037900450254283
min_reward>old_min_reward saving model...
reward_avg=80.94, reward_min=15.0, reward_max=333.0, epsilon=0.050002547213379815
reward_avg=86.06, reward_min=14.0, reward_max=289.0, epsilon=0.04962890300264031
reward_avg=61.62, reward_min=6.0, reward_max=238.0, epsilon=0.04925805084958585
reward_avg=76.04, reward_min=8.0, reward_max=333.0, epsilon=0.04888996989055554
reward_avg=69.34, reward_min=10.0, reward_max=188.0, epsilon=0.048524639417792205
reward_avg=67.98, reward_min=9.0, reward_max=267.0, epsilon=0.04816203887827751
reward_avg=61.78, reward_min=6.0, reward_max=182.0, epsilon=0.047802147872575626
reward_avg=73.68, reward_min=17.0, reward_max=186.0, epsilon=0.04744494615368554
reward_avg=66.74, reward_min=18.0, reward_max=207.0, epsilon=0.04709041362590205
reward_avg=86.94, reward_min=13.0, reward_max=287.0, epsilon=0.0467385303436852
reward_avg=86.22, reward_min=12.0, reward_max=370.0, epsilon=0.04638927651053811
reward_avg=71.32, reward_min=16.0, reward_max=269.0, epsilon=0.04604263247789333
reward_avg=60.86, reward_min=8.0, reward_max=250.0, epsilon=0.045698578744007366
reward_avg=77.44, reward_min=14.0, reward_max=305.0, epsilon=0.04535709595286365
reward_avg=59.36, reward_min=15.0, reward_max=172.0, epsilon=0.04501816489308337
reward_avg=72.02, reward_min=7.0, reward_max=274.0, epsilon=0.044681766496844924
reward_avg=83.76, reward_min=5.0, reward_max=347.0, epsilon=0.04434788183881105
reward_avg=64.48, reward_min=12.0, reward_max=288.0, epsilon=0.04401649213506417
reward_avg=71.04, reward_min=11.0, reward_max=319.0, epsilon=0.043687578742049524
reward_avg=71.16, reward_min=15.0, reward_max=294.0, epsilon=0.04336112315552643
reward_avg=63.3, reward_min=16.0, reward_max=245.0, epsilon=0.04303710700952718
reward_avg=90.68, reward_min=13.0, reward_max=259.0, epsilon=0.04271551207532384
reward_avg=76.34, reward_min=11.0, reward_max=323.0, epsilon=0.042396320260402715
reward_avg=84.96, reward_min=11.0, reward_max=290.0, epsilon=0.042079513607446446
reward_avg=80.38, reward_min=6.0, reward_max=340.0, epsilon=0.04176507429332388
reward_avg=96.82, reward_min=19.0, reward_max=305.0, epsilon=0.041452984628087185
reward_avg=64.3, reward_min=4.0, reward_max=206.0, epsilon=0.041143227053976744
reward_avg=73.8, reward_min=14.0, reward_max=303.0, epsilon=0.04083578414443341
reward_avg=80.7, reward_min=3.0, reward_max=303.0, epsilon=0.040530638603118
reward_avg=74.98, reward_min=6.0, reward_max=334.0, epsilon=0.04022777326293834
reward_avg=62.96, reward_min=8.0, reward_max=298.0, epsilon=0.03992717108508336
reward_avg=56.34, reward_min=5.0, reward_max=187.0, epsilon=0.03962881515806465
reward_avg=69.02, reward_min=7.0, reward_max=284.0, epsilon=0.03933268869676481
reward_avg=80.68, reward_min=17.0, reward_max=332.0, epsilon=0.039038775041493425
reward_avg=66.42, reward_min=8.0, reward_max=279.0, epsilon=0.03874705765704959
reward_avg=66.98, reward_min=9.0, reward_max=243.0, epsilon=0.038457520131791836
reward_avg=84.46, reward_min=15.0, reward_max=250.0, epsilon=0.03817014617671465
reward_avg=87.56, reward_min=19.0, reward_max=250.0, epsilon=0.03788491962453221
reward_avg=81.92, reward_min=7.0, reward_max=309.0, epsilon=0.03760182442876885
reward_avg=90.78, reward_min=6.0, reward_max=307.0, epsilon=0.03732084466285618
reward_avg=89.52, reward_min=14.0, reward_max=287.0, epsilon=0.03704196451923714
reward_avg=61.0, reward_min=9.0, reward_max=187.0, epsilon=0.03676516830847674
reward_avg=67.28, reward_min=7.0, reward_max=340.0, epsilon=0.03649044045837932
reward_avg=65.5, reward_min=6.0, reward_max=206.0, epsilon=0.03621776551311252
reward_avg=65.96, reward_min=11.0, reward_max=290.0, epsilon=0.035947128132337774
reward_avg=82.1, reward_min=16.0, reward_max=263.0, epsilon=0.03567851309034715
reward_avg=60.3, reward_min=8.0, reward_max=292.0, epsilon=0.03541190527520699
reward_avg=91.4, reward_min=9.0, reward_max=289.0, epsilon=0.03514728968790756
reward_avg=88.22, reward_min=13.0, reward_max=300.0, epsilon=0.03488465144151926
reward_avg=68.34, reward_min=9.0, reward_max=271.0, epsilon=0.03462397576035514
reward_avg=77.38, reward_min=6.0, reward_max=350.0, epsilon=0.03436524797913962
reward_avg=66.34, reward_min=5.0, reward_max=197.0, epsilon=0.03410845354218347
reward_avg=59.0, reward_min=8.0, reward_max=154.0, epsilon=0.033853578002564874
reward_avg=65.9, reward_min=13.0, reward_max=179.0, epsilon=0.033600607021316675
reward_avg=88.92, reward_min=15.0, reward_max=314.0, epsilon=0.033349526366619774
reward_avg=71.46, reward_min=5.0, reward_max=295.0, epsilon=0.03310032191300231
reward_avg=78.34, reward_min=12.0, reward_max=182.0, epsilon=0.03285297964054507
reward_avg=90.14, reward_min=14.0, reward_max=363.0, epsilon=0.032607485634092784
reward_avg=80.38, reward_min=17.0, reward_max=278.0, epsilon=0.03236382608247119
reward_avg=84.06, reward_min=7.0, reward_max=297.0, epsilon=0.03212198727771005
reward_avg=75.46, reward_min=15.0, reward_max=252.0, epsilon=0.03188195561427206
reward_avg=81.08, reward_min=5.0, reward_max=330.0, epsilon=0.03164371758828726
reward_avg=88.9, reward_min=22.0, reward_max=282.0, epsilon=0.031407259796793464
reward_avg=86.16, reward_min=14.0, reward_max=329.0, epsilon=0.031172568936982167
reward_avg=79.76, reward_min=8.0, reward_max=304.0, epsilon=0.0309396318054501
reward_avg=69.72, reward_min=5.0, reward_max=199.0, epsilon=0.0307084352974565
reward_avg=68.4, reward_min=11.0, reward_max=314.0, epsilon=0.030478966406185838
reward_avg=73.58, reward_min=16.0, reward_max=305.0, epsilon=0.030251212222016023
reward_avg=74.94, reward_min=13.0, reward_max=270.0, epsilon=0.030025159931792212
reward_avg=93.62, reward_min=10.0, reward_max=273.0, epsilon=0.02980079681810587
reward_avg=85.48, reward_min=12.0, reward_max=246.0, epsilon=0.029578110258579364
reward_avg=88.06, reward_min=8.0, reward_max=286.0, epsilon=0.029357087725155797
reward_avg=83.28, reward_min=6.0, reward_max=303.0, epsilon=0.029137716783394232
reward_avg=78.74, reward_min=13.0, reward_max=290.0, epsilon=0.028919985091770142
reward_avg=100.8, reward_min=14.0, reward_max=347.0, epsilon=0.02870388040098109
reward_avg=82.7, reward_min=6.0, reward_max=304.0, epsilon=0.028489390553257575
reward_avg=57.26, reward_min=6.0, reward_max=189.0, epsilon=0.028276503481679094
reward_avg=84.98, reward_min=17.0, reward_max=316.0, epsilon=0.028065207209495218
reward_avg=92.92, reward_min=9.0, reward_max=343.0, epsilon=0.027855489849451888
reward_avg=94.96, reward_min=10.0, reward_max=295.0, epsilon=0.02764733960312252
reward_avg=89.66, reward_min=18.0, reward_max=312.0, epsilon=0.027440744760244353
reward_avg=107.92, reward_min=14.0, reward_max=295.0, epsilon=0.027235693698059612
reward_avg=91.78, reward_min=11.0, reward_max=324.0, epsilon=0.027032174880661612
reward_avg=86.54, reward_min=9.0, reward_max=274.0, epsilon=0.026830176858345763
reward_avg=74.5, reward_min=5.0, reward_max=267.0, epsilon=0.026629688266965455
reward_avg=80.84, reward_min=7.0, reward_max=250.0, epsilon=0.026430697827292682
reward_avg=45.14, reward_min=6.0, reward_max=138.0, epsilon=0.02623319434438351
reward_avg=91.44, reward_min=9.0, reward_max=326.0, epsilon=0.02603716670694827
reward_avg=67.88, reward_min=4.0, reward_max=266.0, epsilon=0.025842603886726427
reward_avg=86.88, reward_min=8.0, reward_max=341.0, epsilon=0.025649494937866203
reward_avg=97.04, reward_min=12.0, reward_max=353.0, epsilon=0.025457828996308697
reward_avg=84.66, reward_min=5.0, reward_max=252.0, epsilon=0.025267595279176762
reward_avg=68.56, reward_min=8.0, reward_max=246.0, epsilon=0.025078783084168284
reward_avg=84.54, reward_min=9.0, reward_max=364.0, epsilon=0.02489138178895419
reward_avg=101.78, reward_min=10.0, reward_max=293.0, epsilon=0.024705380850580775
reward_avg=75.7, reward_min=10.0, reward_max=272.0, epsilon=0.024520769804876604
reward_avg=93.92, reward_min=6.0, reward_max=268.0, epsilon=0.02433753826586379
reward_avg=81.14, reward_min=6.0, reward_max=308.0, epsilon=0.024155675925173727
reward_avg=94.18, reward_min=10.0, reward_max=303.0, epsilon=0.023975172551467073
reward_avg=77.26, reward_min=5.0, reward_max=309.0, epsilon=0.023796017989858285
reward_avg=73.52, reward_min=5.0, reward_max=315.0, epsilon=0.02361820216134417
reward_avg=74.48, reward_min=8.0, reward_max=319.0, epsilon=0.02344171506223693
reward_avg=80.22, reward_min=8.0, reward_max=339.0, epsilon=0.02326654676360141
reward_avg=73.3, reward_min=9.0, reward_max=303.0, epsilon=0.023092687410696405
reward_avg=69.22, reward_min=5.0, reward_max=284.0, epsilon=0.02292012722242034
reward_avg=51.72, reward_min=3.0, reward_max=338.0, epsilon=0.022748856490760926
reward_avg=65.84, reward_min=11.0, reward_max=293.0, epsilon=0.022578865580249022
reward_avg=91.0, reward_min=10.0, reward_max=289.0, epsilon=0.022410144927416602
reward_avg=82.08, reward_min=9.0, reward_max=315.0, epsilon=0.022242685040258656
reward_avg=86.64, reward_min=3.0, reward_max=325.0, epsilon=0.022076476497699234
reward_avg=80.54, reward_min=4.0, reward_max=281.0, epsilon=0.021911509949061398
reward_avg=77.72, reward_min=6.0, reward_max=311.0, epsilon=0.021747776113541173
reward_avg=83.78, reward_min=8.0, reward_max=373.0, epsilon=0.021585265779685444
reward_avg=71.88, reward_min=8.0, reward_max=253.0, epsilon=0.02142396980487368
reward_avg=104.7, reward_min=6.0, reward_max=319.0, epsilon=0.021263879114803652
reward_avg=75.44, reward_min=12.0, reward_max=292.0, epsilon=0.02110498470298086
reward_avg=113.74, reward_min=13.0, reward_max=334.0, epsilon=0.02094727763021188
reward_avg=65.24, reward_min=5.0, reward_max=273.0, epsilon=0.020790749024101447
reward_avg=78.92, reward_min=9.0, reward_max=268.0, epsilon=0.020635390078553275
reward_avg=87.16, reward_min=12.0, reward_max=330.0, epsilon=0.02048119205327467
reward_avg=91.6, reward_min=8.0, reward_max=310.0, epsilon=0.020328146273284834
reward_avg=86.08, reward_min=9.0, reward_max=351.0, epsilon=0.020176244128426783
reward_avg=67.26, reward_min=4.0, reward_max=245.0, epsilon=0.020025477072882932
reward_avg=100.6, reward_min=10.0, reward_max=285.0, epsilon=0.019875836624694387
reward_avg=70.06, reward_min=6.0, reward_max=320.0, epsilon=0.019727314365283702
reward_avg=87.82, reward_min=4.0, reward_max=310.0, epsilon=0.019579901938981254
reward_avg=92.68, reward_min=5.0, reward_max=357.0, epsilon=0.019433591052555255
reward_avg=83.1, reward_min=5.0, reward_max=307.0, epsilon=0.01928837347474507
reward_avg=96.06, reward_min=9.0, reward_max=333.0, epsilon=0.019144241035798207
reward_avg=95.94, reward_min=6.0, reward_max=314.0, epsilon=0.019001185627010683
reward_avg=113.98, reward_min=10.0, reward_max=330.0, epsilon=0.018859199200270828
reward_avg=91.48, reward_min=7.0, reward_max=289.0, epsilon=0.018718273767606486
reward_avg=61.14, reward_min=5.0, reward_max=319.0, epsilon=0.018578401400735703
reward_avg=73.24, reward_min=7.0, reward_max=296.0, epsilon=0.01843957423062061
reward_avg=81.48, reward_min=11.0, reward_max=268.0, epsilon=0.018301784447024752
reward_avg=99.2, reward_min=11.0, reward_max=314.0, epsilon=0.018165024298073727
reward_avg=77.24, reward_min=4.0, reward_max=273.0, epsilon=0.018029286089818967
reward_avg=78.62, reward_min=10.0, reward_max=296.0, epsilon=0.017894562185805037
reward_avg=83.26, reward_min=6.0, reward_max=288.0, epsilon=0.01776084500663991
reward_avg=74.98, reward_min=11.0, reward_max=270.0, epsilon=0.017628127029568598
reward_avg=103.64, reward_min=17.0, reward_max=357.0, epsilon=0.017496400788049916
reward_avg=68.28, reward_min=13.0, reward_max=319.0, epsilon=0.017365658871336453
reward_avg=70.94, reward_min=18.0, reward_max=295.0, epsilon=0.01723589392405761
reward_avg=72.28, reward_min=8.0, reward_max=240.0, epsilon=0.017107098645805844
reward_avg=114.04, reward_min=7.0, reward_max=305.0, epsilon=0.016979265790725926
reward_avg=81.1, reward_min=6.0, reward_max=307.0, epsilon=0.0168523881671073
reward_avg=89.26, reward_min=11.0, reward_max=312.0, epsilon=0.016726458636979497
reward_avg=87.96, reward_min=12.0, reward_max=275.0, epsilon=0.016601470115710552
reward_avg=96.52, reward_min=9.0, reward_max=340.0, epsilon=0.01647741557160845
reward_avg=85.66, reward_min=5.0, reward_max=328.0, epsilon=0.01635428802552549
reward_avg=80.66, reward_min=12.0, reward_max=301.0, epsilon=0.016232080550465718
reward_avg=76.06, reward_min=10.0, reward_max=323.0, epsilon=0.016110786271195162
reward_avg=116.86, reward_min=9.0, reward_max=356.0, epsilon=0.015990398363855057
reward_avg=94.42, reward_min=10.0, reward_max=308.0, epsilon=0.01587091005557795
reward_avg=97.06, reward_min=19.0, reward_max=317.0, epsilon=0.015752314624106676
reward_avg=82.7, reward_min=6.0, reward_max=296.0, epsilon=0.01563460539741612
reward_avg=80.32, reward_min=8.0, reward_max=244.0, epsilon=0.015517775753337945
reward_avg=74.28, reward_min=5.0, reward_max=289.0, epsilon=0.015401819119187974
reward_avg=74.46, reward_min=9.0, reward_max=300.0, epsilon=0.015286728971396426
reward_avg=88.12, reward_min=5.0, reward_max=367.0, epsilon=0.015172498835140932
reward_avg=67.36, reward_min=7.0, reward_max=274.0, epsilon=0.015059122283982242
reward_avg=55.5, reward_min=8.0, reward_max=209.0, epsilon=0.014946592939502722
reward_avg=49.76, reward_min=9.0, reward_max=252.0, epsilon=0.014834904470947442
reward_avg=64.66, reward_min=6.0, reward_max=336.0, epsilon=0.014724050594868102
reward_avg=81.94, reward_min=6.0, reward_max=345.0, epsilon=0.014614025074769475
reward_avg=65.86, reward_min=10.0, reward_max=308.0, epsilon=0.014504821720758572
reward_avg=68.72, reward_min=10.0, reward_max=276.0, epsilon=0.01439643438919639
reward_avg=61.72, reward_min=7.0, reward_max=267.0, epsilon=0.014288856982352311
reward_avg=121.74, reward_min=17.0, reward_max=339.0, epsilon=0.014182083448060998
reward_avg=95.6, reward_min=9.0, reward_max=348.0, epsilon=0.014076107779381971
reward_avg=69.54, reward_min=9.0, reward_max=265.0, epsilon=0.013970924014261622
reward_avg=79.32, reward_min=8.0, reward_max=330.0, epsilon=0.01386652623519781
reward_avg=68.7, reward_min=3.0, reward_max=356.0, epsilon=0.013762908568906945
reward_avg=90.56, reward_min=4.0, reward_max=309.0, epsilon=0.013660065185993582
reward_avg=100.72, reward_min=8.0, reward_max=284.0, epsilon=0.013557990300622444
reward_avg=87.5, reward_min=8.0, reward_max=298.0, epsilon=0.013456678170192924
reward_avg=74.0, reward_min=10.0, reward_max=270.0, epsilon=0.013356123095016036
reward_avg=75.88, reward_min=9.0, reward_max=336.0, epsilon=0.01325631941799373
reward_avg=113.88, reward_min=16.0, reward_max=354.0, epsilon=0.013157261524300632
reward_avg=97.1, reward_min=6.0, reward_max=310.0, epsilon=0.013058943841068186
reward_avg=94.16, reward_min=9.0, reward_max=325.0, epsilon=0.0129613608370711
reward_avg=67.4, reward_min=10.0, reward_max=299.0, epsilon=0.012864507022416203
reward_avg=64.5, reward_min=4.0, reward_max=218.0, epsilon=0.012768376948233549
reward_avg=58.6, reward_min=2.0, reward_max=271.0, epsilon=0.01267296520636991
reward_avg=71.62, reward_min=2.0, reward_max=254.0, epsilon=0.012578266429084495
reward_avg=63.78, reward_min=5.0, reward_max=291.0, epsilon=0.012484275288746967
reward_avg=97.56, reward_min=6.0, reward_max=337.0, epsilon=0.012390986497537743
reward_avg=79.94, reward_min=7.0, reward_max=348.0, epsilon=0.01229839480715047
reward_avg=54.28, reward_min=6.0, reward_max=316.0, epsilon=0.01220649500849679
reward_avg=80.1, reward_min=5.0, reward_max=320.0, epsilon=0.012115281931413282
reward_avg=47.08, reward_min=6.0, reward_max=289.0, epsilon=0.012024750444370588
reward_avg=56.56, reward_min=5.0, reward_max=219.0, epsilon=0.011934895454184727
reward_avg=68.36, reward_min=10.0, reward_max=343.0, epsilon=0.011845711905730536
reward_avg=66.3, reward_min=5.0, reward_max=223.0, epsilon=0.011757194781657298
reward_avg=96.58, reward_min=3.0, reward_max=338.0, epsilon=0.01166933910210649
reward_avg=81.76, reward_min=4.0, reward_max=283.0, epsilon=0.011582139924431568
reward_avg=67.92, reward_min=1.0, reward_max=312.0, epsilon=0.011495592342919947
reward_avg=92.5, reward_min=5.0, reward_max=328.0, epsilon=0.011409691488516992
reward_avg=79.62, reward_min=1.0, reward_max=267.0, epsilon=0.0113244325285521
reward_avg=77.48, reward_min=1.0, reward_max=259.0, epsilon=0.011239810666466815
reward_avg=112.16, reward_min=13.0, reward_max=337.0, epsilon=0.011155821141544979
reward_avg=102.78, reward_min=9.0, reward_max=336.0, epsilon=0.011072459228644896
reward_avg=114.0, reward_min=1.0, reward_max=307.0, epsilon=0.010989720237933527
reward_avg=33.4, reward_min=0.0, reward_max=357.0, epsilon=0.01090759951462262
reward_avg=101.8, reward_min=12.0, reward_max=313.0, epsilon=0.010826092438706827
reward_avg=79.98, reward_min=7.0, reward_max=321.0, epsilon=0.010745194424703829
reward_avg=83.94, reward_min=4.0, reward_max=325.0, epsilon=0.010664900921396322
reward_avg=75.38, reward_min=7.0, reward_max=230.0, epsilon=0.010585207411576003
reward_avg=86.8, reward_min=8.0, reward_max=306.0, epsilon=0.01050610941178943
reward_avg=75.82, reward_min=1.0, reward_max=317.0, epsilon=0.010427602472085754
reward_avg=66.92, reward_min=0.0, reward_max=291.0, epsilon=0.010349682175766423
reward_avg=67.66, reward_min=2.0, reward_max=308.0, epsilon=0.010272344139136679
reward_avg=54.64, reward_min=0.0, reward_max=238.0, epsilon=0.010195584011258927
reward_avg=89.96, reward_min=2.0, reward_max=337.0, epsilon=0.010119397473707976
reward_avg=79.6, reward_min=6.0, reward_max=284.0, epsilon=0.010043780240328093
reward_avg=105.04, reward_min=12.0, reward_max=305.0, epsilon=0.009968728056991845
reward_avg=89.58, reward_min=5.0, reward_max=316.0, epsilon=0.009894236701360772
reward_avg=87.62, reward_min=0.0, reward_max=299.0, epsilon=0.009820301982647873
reward_avg=102.68, reward_min=11.0, reward_max=351.0, epsilon=0.009746919741381808
reward_avg=108.54, reward_min=0.0, reward_max=371.0, epsilon=0.0096740858491729
reward_avg=112.06, reward_min=0.0, reward_max=349.0, epsilon=0.009601796208480888
reward_avg=89.24, reward_min=8.0, reward_max=341.0, epsilon=0.009530046752384393
reward_avg=110.06, reward_min=3.0, reward_max=340.0, epsilon=0.009458833444352109
reward_avg=87.18, reward_min=8.0, reward_max=337.0, epsilon=0.009388152278015732
reward_avg=106.68, reward_min=5.0, reward_max=314.0, epsilon=0.009317999276944558
reward_avg=111.42, reward_min=14.0, reward_max=368.0, epsilon=0.009248370494421785
reward_avg=139.78, reward_min=5.0, reward_max=386.0, epsilon=0.009179262013222446
reward_avg=117.86, reward_min=7.0, reward_max=326.0, epsilon=0.009110669945393073
reward_avg=90.3, reward_min=10.0, reward_max=332.0, epsilon=0.009042590432032933
reward_avg=103.1, reward_min=12.0, reward_max=279.0, epsilon=0.008975019643076936
reward_avg=132.94, reward_min=10.0, reward_max=352.0, epsilon=0.008907953777080178
reward_avg=90.58, reward_min=10.0, reward_max=346.0, epsilon=0.00884138906100406
reward_avg=76.1, reward_min=9.0, reward_max=330.0, epsilon=0.008775321750004039
reward_avg=87.76, reward_min=0.0, reward_max=295.0, epsilon=0.008709748127218905
reward_avg=94.38, reward_min=18.0, reward_max=271.0, epsilon=0.00864466450356175
reward_avg=114.0, reward_min=7.0, reward_max=345.0, epsilon=0.008580067217512354
reward_avg=70.62, reward_min=10.0, reward_max=284.0, epsilon=0.008515952634911218
reward_avg=102.24, reward_min=10.0, reward_max=338.0, epsilon=0.008452317148755127
reward_avg=78.56, reward_min=6.0, reward_max=241.0, epsilon=0.008389157178994197
reward_avg=61.2, reward_min=0.0, reward_max=326.0, epsilon=0.00832646917233049
reward_avg=75.74, reward_min=7.0, reward_max=290.0, epsilon=0.008264249602018084
reward_avg=100.34, reward_min=9.0, reward_max=307.0, epsilon=0.008202494967664696
reward_avg=94.26, reward_min=5.0, reward_max=337.0, epsilon=0.008141201795034733
reward_avg=76.6, reward_min=4.0, reward_max=272.0, epsilon=0.008080366635853823
reward_avg=107.58, reward_min=11.0, reward_max=324.0, epsilon=0.008019986067614858
reward_avg=105.96, reward_min=12.0, reward_max=310.0, epsilon=0.007960056693385417
reward_avg=66.14, reward_min=4.0, reward_max=242.0, epsilon=0.007900575141616673
reward_avg=96.76, reward_min=5.0, reward_max=282.0, epsilon=0.007841538065953708
reward_avg=69.56, reward_min=3.0, reward_max=368.0, epsilon=0.007782942145047246
reward_avg=92.1, reward_min=4.0, reward_max=310.0, epsilon=0.0077247840823668045
reward_avg=55.38, reward_min=0.0, reward_max=335.0, epsilon=0.0076670606060152465
reward_avg=62.58, reward_min=8.0, reward_max=372.0, epsilon=0.0076097684685446955
reward_avg=48.34, reward_min=6.0, reward_max=275.0, epsilon=0.007552904446773842
reward_avg=55.68, reward_min=3.0, reward_max=273.0, epsilon=0.007496465341606605
reward_avg=86.0, reward_min=9.0, reward_max=284.0, epsilon=0.00744044797785216
reward_avg=80.5, reward_min=9.0, reward_max=332.0, epsilon=0.007384849204046311
reward_avg=93.34, reward_min=3.0, reward_max=266.0, epsilon=0.00732966589227419
reward_avg=95.42, reward_min=3.0, reward_max=295.0, epsilon=0.00727489493799428
reward_avg=88.96, reward_min=4.0, reward_max=305.0, epsilon=0.007220533259863765
reward_avg=66.52, reward_min=3.0, reward_max=261.0, epsilon=0.007166577799565169
reward_avg=59.08, reward_min=1.0, reward_max=295.0, epsilon=0.007113025521634308
reward_avg=106.76, reward_min=3.0, reward_max=373.0, epsilon=0.007059873413289523
reward_avg=107.94, reward_min=6.0, reward_max=336.0, epsilon=0.007007118484262157
reward_avg=106.34, reward_min=2.0, reward_max=296.0, epsilon=0.006954757766628361
reward_avg=92.12, reward_min=8.0, reward_max=299.0, epsilon=0.006902788314642103
reward_avg=62.08, reward_min=2.0, reward_max=300.0, epsilon=0.006851207204569449
reward_avg=67.88, reward_min=1.0, reward_max=301.0, epsilon=0.006800011534524082
reward_avg=62.04, reward_min=0.0, reward_max=307.0, epsilon=0.006749198424304031
reward_avg=47.04, reward_min=5.0, reward_max=292.0, epsilon=0.0066987650152296515
reward_avg=65.36, reward_min=3.0, reward_max=306.0, epsilon=0.006648708469982789
reward_avg=71.68, reward_min=5.0, reward_max=279.0, epsilon=0.006599025972447159
reward_avg=68.48, reward_min=8.0, reward_max=320.0, epsilon=0.006549714727549924
reward_avg=80.78, reward_min=10.0, reward_max=313.0, epsilon=0.0065007719611044285
reward_avg=71.2, reward_min=5.0, reward_max=283.0, epsilon=0.006452194919654141
reward_avg=75.32, reward_min=0.0, reward_max=316.0, epsilon=0.006403980870317739
reward_avg=86.42, reward_min=7.0, reward_max=311.0, epsilon=0.006356127100635375
reward_avg=71.52, reward_min=8.0, reward_max=312.0, epsilon=0.006308630918416056
reward_avg=80.88, reward_min=3.0, reward_max=378.0, epsilon=0.006261489651586201
reward_avg=64.7, reward_min=3.0, reward_max=264.0, epsilon=0.00621470064803931
reward_avg=79.8, reward_min=4.0, reward_max=301.0, epsilon=0.006168261275486752
reward_avg=91.32, reward_min=6.0, reward_max=280.0, epsilon=0.006122168921309689
reward_avg=83.06, reward_min=8.0, reward_max=322.0, epsilon=0.006076420992412084
reward_avg=77.22, reward_min=8.0, reward_max=295.0, epsilon=0.006031014915074824
reward_avg=85.68, reward_min=8.0, reward_max=325.0, epsilon=0.005985948134810912
reward_avg=93.06, reward_min=4.0, reward_max=312.0, epsilon=0.005941218116221768
reward_avg=86.1, reward_min=2.0, reward_max=307.0, epsilon=0.005896822342854585
reward_avg=91.7, reward_min=6.0, reward_max=320.0, epsilon=0.005852758317060767
reward_avg=89.48, reward_min=6.0, reward_max=271.0, epsilon=0.005809023559855397
reward_avg=83.66, reward_min=3.0, reward_max=283.0, epsilon=0.005765615610777784
reward_avg=73.36, reward_min=2.0, reward_max=328.0, epsilon=0.005722532027753037
reward_avg=83.5, reward_min=4.0, reward_max=369.0, epsilon=0.005679770386954681
reward_avg=72.94, reward_min=4.0, reward_max=329.0, epsilon=0.0056373282826682955
reward_avg=82.52, reward_min=6.0, reward_max=337.0, epsilon=0.0055952033271561554
reward_avg=86.7, reward_min=1.0, reward_max=359.0, epsilon=0.0055533931505229355
reward_avg=48.5, reward_min=4.0, reward_max=290.0, epsilon=0.0055118954005823504
reward_avg=47.54, reward_min=2.0, reward_max=249.0, epsilon=0.005470707742724829
reward_avg=61.54, reward_min=3.0, reward_max=277.0, epsilon=0.005429827859786184
reward_avg=66.44, reward_min=5.0, reward_max=327.0, epsilon=0.005389253451917252
reward_avg=83.16, reward_min=2.0, reward_max=329.0, epsilon=0.005348982236454491
reward_avg=95.38, reward_min=6.0, reward_max=372.0, epsilon=0.005309011947791581
reward_avg=81.66, reward_min=4.0, reward_max=372.0, epsilon=0.0052693403372519425
reward_avg=72.16, reward_min=2.0, reward_max=372.0, epsilon=0.005229965172962242
reward_avg=90.64, reward_min=0.0, reward_max=340.0, epsilon=0.005190884239726832
reward_avg=62.92, reward_min=3.0, reward_max=371.0, epsilon=0.005152095338903119
reward_avg=75.6, reward_min=0.0, reward_max=371.0, epsilon=0.005113596288277874
reward_avg=80.62, reward_min=9.0, reward_max=336.0, epsilon=0.005075384921944465
reward_avg=72.14, reward_min=5.0, reward_max=331.0, epsilon=0.005037459090180999
reward_avg=85.24, reward_min=15.0, reward_max=353.0, epsilon=0.004999816659329405
reward_avg=72.24, reward_min=0.0, reward_max=269.0, epsilon=0.004962455511675359
reward_avg=64.42, reward_min=4.0, reward_max=304.0, epsilon=0.004925373545329179
reward_avg=56.54, reward_min=2.0, reward_max=281.0, epsilon=0.004888568674107551
reward_avg=57.54, reward_min=5.0, reward_max=283.0, epsilon=0.00485203882741618
reward_avg=44.84, reward_min=5.0, reward_max=288.0, epsilon=0.004815781950133292
reward_avg=86.12, reward_min=6.0, reward_max=273.0, epsilon=0.004779796002494015
reward_avg=56.24, reward_min=7.0, reward_max=241.0, epsilon=0.004744078959975633
reward_avg=106.74, reward_min=7.0, reward_max=296.0, epsilon=0.004708628813183677
reward_avg=83.64, reward_min=6.0, reward_max=321.0, epsilon=0.004673443567738889
reward_avg=94.52, reward_min=8.0, reward_max=299.0, epsilon=0.004638521244165016
reward_avg=95.86, reward_min=4.0, reward_max=300.0, epsilon=0.0046038598777774515
reward_avg=69.5, reward_min=6.0, reward_max=262.0, epsilon=0.004569457518572696
reward_avg=107.28, reward_min=8.0, reward_max=406.0, epsilon=0.004535312231118661
reward_avg=84.1, reward_min=4.0, reward_max=336.0, epsilon=0.0045014220944457825
reward_avg=84.9, reward_min=6.0, reward_max=261.0, epsilon=0.004467785201938945
reward_avg=70.08, reward_min=2.0, reward_max=260.0, epsilon=0.0044343996612302185
reward_avg=85.0, reward_min=5.0, reward_max=289.0, epsilon=0.004401263594092411
reward_avg=61.26, reward_min=5.0, reward_max=224.0, epsilon=0.004368375136333383
reward_avg=63.46, reward_min=3.0, reward_max=320.0, epsilon=0.00433573243769117
reward_avg=94.36, reward_min=9.0, reward_max=330.0, epsilon=0.004303333661729906
reward_avg=93.6, reward_min=7.0, reward_max=334.0, epsilon=0.0042711769857364966
reward_avg=98.2, reward_min=0.0, reward_max=344.0, epsilon=0.004239260600618073
reward_avg=94.32, reward_min=4.0, reward_max=303.0, epsilon=0.004207582710800229
reward_avg=97.82, reward_min=5.0, reward_max=337.0, epsilon=0.004176141534125983
reward_avg=83.66, reward_min=4.0, reward_max=275.0, epsilon=0.004144935301755536
reward_avg=86.7, reward_min=5.0, reward_max=326.0, epsilon=0.004113962258066747
reward_avg=76.24, reward_min=4.0, reward_max=331.0, epsilon=0.004083220660556366
reward_avg=71.26, reward_min=7.0, reward_max=297.0, epsilon=0.004052708779742013
reward_avg=61.44, reward_min=2.0, reward_max=346.0, epsilon=0.004022424899064856
reward_avg=79.58, reward_min=2.0, reward_max=311.0, epsilon=0.003992367314793073
reward_avg=111.4, reward_min=9.0, reward_max=350.0, epsilon=0.003962534335925973
reward_avg=94.8, reward_min=6.0, reward_max=285.0, epsilon=0.003932924284098871
reward_avg=71.72, reward_min=6.0, reward_max=255.0, epsilon=0.0039035354934886806
reward_avg=92.64, reward_min=8.0, reward_max=295.0, epsilon=0.003874366310720168
reward_avg=77.62, reward_min=4.0, reward_max=278.0, epsilon=0.003845415094772966
reward_avg=47.76, reward_min=0.0, reward_max=276.0, epsilon=0.003816680216889229
reward_avg=88.76, reward_min=7.0, reward_max=286.0, epsilon=0.003788160060482014
reward_avg=55.24, reward_min=4.0, reward_max=310.0, epsilon=0.00375985302104433
reward_avg=83.6, reward_min=3.0, reward_max=285.0, epsilon=0.0037317575060588715
reward_avg=77.22, reward_min=6.0, reward_max=279.0, epsilon=0.003703871934908418
reward_avg=71.66, reward_min=6.0, reward_max=293.0, epsilon=0.0036761947387869216
reward_avg=78.8, reward_min=5.0, reward_max=335.0, epsilon=0.0036487243606112426
reward_avg=92.94, reward_min=6.0, reward_max=311.0, epsilon=0.0036214592549335517
reward_avg=66.42, reward_min=6.0, reward_max=351.0, epsilon=0.003594397887854379
reward_avg=99.12, reward_min=5.0, reward_max=314.0, epsilon=0.003567538736936329
reward_avg=69.24, reward_min=4.0, reward_max=248.0, epsilon=0.0035408802911184234
reward_avg=73.16, reward_min=10.0, reward_max=306.0, epsilon=0.003514421050631089
reward_avg=70.76, reward_min=6.0, reward_max=295.0, epsilon=0.0034881595269117944
reward_avg=71.18, reward_min=4.0, reward_max=337.0, epsilon=0.0034620942425212884
reward_avg=59.54, reward_min=8.0, reward_max=275.0, epsilon=0.003436223731060494
reward_avg=42.14, reward_min=7.0, reward_max=238.0, epsilon=0.003410546537088004
reward_avg=71.1, reward_min=5.0, reward_max=289.0, epsilon=0.003385061216038207
reward_avg=59.16, reward_min=4.0, reward_max=268.0, epsilon=0.003359766334140009
reward_avg=68.66, reward_min=4.0, reward_max=316.0, epsilon=0.0033346604683361773
reward_avg=81.92, reward_min=5.0, reward_max=262.0, epsilon=0.003309742206203276
reward_avg=99.04, reward_min=4.0, reward_max=308.0, epsilon=0.0032850101458722133
reward_avg=77.16, reward_min=8.0, reward_max=327.0, epsilon=0.0032604628959493668
reward_avg=87.3, reward_min=7.0, reward_max=252.0, epsilon=0.0032360990754383098
reward_avg=111.74, reward_min=4.0, reward_max=320.0, epsilon=0.003211917313662112
reward_avg=76.24, reward_min=5.0, reward_max=319.0, epsilon=0.0031879162501862344
reward_avg=80.32, reward_min=2.0, reward_max=343.0, epsilon=0.0031640945347419912
reward_avg=67.64, reward_min=1.0, reward_max=320.0, epsilon=0.0031404508271505793
reward_avg=92.34, reward_min=3.0, reward_max=297.0, epsilon=0.0031169837972476935
reward_avg=89.26, reward_min=3.0, reward_max=312.0, epsilon=0.0030936921248086776
reward_avg=67.02, reward_min=3.0, reward_max=346.0, epsilon=0.003070574499474266
reward_avg=58.3, reward_min=2.0, reward_max=296.0, epsilon=0.0030476296206768533
reward_avg=74.34, reward_min=1.0, reward_max=296.0, epsilon=0.0030248561975673312
reward_avg=68.22, reward_min=5.0, reward_max=354.0, epsilon=0.003002252948942467
reward_avg=79.5, reward_min=4.0, reward_max=324.0, epsilon=0.0029798186031728215
reward_avg=79.92, reward_min=4.0, reward_max=302.0, epsilon=0.0029575518981312123
reward_avg=78.38, reward_min=1.0, reward_max=281.0, epsilon=0.002935451581121708
reward_avg=96.64, reward_min=4.0, reward_max=313.0, epsilon=0.0029135164088091516
reward_avg=88.66, reward_min=5.0, reward_max=334.0, epsilon=0.0028917451471492093
reward_avg=81.84, reward_min=4.0, reward_max=346.0, epsilon=0.0028701365713189506
reward_avg=93.18, reward_min=2.0, reward_max=328.0, epsilon=0.002848689465647939
reward_avg=77.82, reward_min=4.0, reward_max=284.0, epsilon=0.0028274026235498417
reward_avg=93.12, reward_min=8.0, reward_max=277.0, epsilon=0.0028062748474545385
reward_avg=94.6, reward_min=4.0, reward_max=382.0, epsilon=0.0027853049487407662
reward_avg=81.66, reward_min=5.0, reward_max=324.0, epsilon=0.0027644917476692286
reward_avg=80.08, reward_min=3.0, reward_max=320.0, epsilon=0.0027438340733162443
reward_avg=85.78, reward_min=4.0, reward_max=312.0, epsilon=0.002723330763507858
reward_avg=108.88, reward_min=5.0, reward_max=333.0, epsilon=0.002702980664754464
reward_avg=104.16, reward_min=6.0, reward_max=297.0, epsilon=0.0026827826321859124
reward_avg=88.94, reward_min=4.0, reward_max=311.0, epsilon=0.002662735529487102
reward_avg=102.4, reward_min=5.0, reward_max=290.0, epsilon=0.0026428382288340452
reward_avg=57.28, reward_min=0.0, reward_max=317.0, epsilon=0.002623089610830427
reward_avg=103.46, reward_min=1.0, reward_max=361.0, epsilon=0.002603488564444625
reward_avg=70.44, reward_min=8.0, reward_max=256.0, epsilon=0.002584033986947202
reward_avg=52.28, reward_min=4.0, reward_max=307.0, epsilon=0.0025647247838488725
reward_avg=75.9, reward_min=5.0, reward_max=301.0, epsilon=0.0025455598688389263
reward_avg=66.8, reward_min=3.0, reward_max=316.0, epsilon=0.002526538163724113
reward_avg=75.4, reward_min=2.0, reward_max=309.0, epsilon=0.0025076585983679835
reward_avg=38.36, reward_min=1.0, reward_max=200.0, epsilon=0.0024889201106306894
reward_avg=62.88, reward_min=7.0, reward_max=285.0, epsilon=0.0024703216463092268
reward_avg=51.94, reward_min=4.0, reward_max=323.0, epsilon=0.002451862159078126
reward_avg=50.34, reward_min=2.0, reward_max=281.0, epsilon=0.002433540610430588
reward_avg=40.34, reward_min=3.0, reward_max=236.0, epsilon=0.0024153559696200575
reward_avg=74.28, reward_min=7.0, reward_max=334.0, epsilon=0.0023973072136022414
reward_avg=61.86, reward_min=4.0, reward_max=284.0, epsilon=0.002379393326977545
reward_avg=74.92, reward_min=3.0, reward_max=342.0, epsilon=0.002361613301933951
reward_avg=78.76, reward_min=3.0, reward_max=370.0, epsilon=0.0023439661381903214
reward_avg=51.5, reward_min=5.0, reward_max=246.0, epsilon=0.0023264508429401243
reward_avg=80.56, reward_min=3.0, reward_max=293.0, epsilon=0.0023090664307955757
reward_avg=71.54, reward_min=0.0, reward_max=361.0, epsilon=0.0022918119237322074
reward_avg=61.08, reward_min=1.0, reward_max=273.0, epsilon=0.0022746863510338384
reward_avg=64.94, reward_min=4.0, reward_max=275.0, epsilon=0.0022576887492379736
reward_avg=35.24, reward_min=3.0, reward_max=233.0, epsilon=0.0022408181620815902
reward_avg=54.76, reward_min=4.0, reward_max=235.0, epsilon=0.0022240736404473475
reward_avg=73.38, reward_min=5.0, reward_max=307.0, epsilon=0.0022074542423101834
reward_avg=72.88, reward_min=7.0, reward_max=294.0, epsilon=0.0021909590326843254
reward_avg=65.8, reward_min=3.0, reward_max=284.0, epsilon=0.0021745870835706833
reward_avg=61.42, reward_min=0.0, reward_max=248.0, epsilon=0.002158337473904643
reward_avg=45.76, reward_min=3.0, reward_max=221.0, epsilon=0.002142209289504253
reward_avg=49.66, reward_min=3.0, reward_max=387.0, epsilon=0.0021262016230187857
reward_avg=69.44, reward_min=3.0, reward_max=343.0, epsilon=0.0021103135738776936
reward_avg=65.7, reward_min=3.0, reward_max=271.0, epsilon=0.0020945442482399497
reward_avg=72.96, reward_min=3.0, reward_max=316.0, epsilon=0.002078892758943756
reward_avg=48.1, reward_min=2.0, reward_max=276.0, epsilon=0.002063358225456636
reward_avg=59.82, reward_min=3.0, reward_max=273.0, epsilon=0.00204793977382589
reward_avg=40.58, reward_min=1.0, reward_max=225.0, epsilon=0.0020326365366294353
reward_avg=57.82, reward_min=3.0, reward_max=277.0, epsilon=0.002017447652927008
reward_avg=62.54, reward_min=3.0, reward_max=331.0, epsilon=0.0020023722682117177
reward_avg=68.34, reward_min=4.0, reward_max=265.0, epsilon=0.001987409534361981
reward_avg=73.04, reward_min=4.0, reward_max=287.0, epsilon=0.001972558609593811
reward_avg=48.32, reward_min=3.0, reward_max=274.0, epsilon=0.0019578186584134454
reward_avg=64.0, reward_min=0.0, reward_max=295.0, epsilon=0.0019431888515703607
reward_avg=63.18, reward_min=4.0, reward_max=370.0, epsilon=0.0019286683660106065
reward_avg=67.78, reward_min=3.0, reward_max=327.0, epsilon=0.0019142563848305071
reward_avg=61.04, reward_min=4.0, reward_max=301.0, epsilon=0.001899952097230702
reward_avg=54.64, reward_min=2.0, reward_max=285.0, epsilon=0.0018857546984705304
reward_avg=85.94, reward_min=4.0, reward_max=297.0, epsilon=0.0018716633898227622
reward_avg=78.08, reward_min=1.0, reward_max=331.0, epsilon=0.001857677378528657
reward_avg=101.1, reward_min=0.0, reward_max=315.0, epsilon=0.0018437958777533679
reward_avg=58.4, reward_min=0.0, reward_max=319.0, epsilon=0.0018300181065416727
reward_avg=82.6, reward_min=4.0, reward_max=319.0, epsilon=0.0018163432897740422
reward_avg=99.88, reward_min=4.0, reward_max=370.0, epsilon=0.0018027706581230285
reward_avg=51.0, reward_min=6.0, reward_max=244.0, epsilon=0.001789299448009987
reward_avg=73.96, reward_min=5.0, reward_max=315.0, epsilon=0.0017759289015621162
reward_avg=101.02, reward_min=1.0, reward_max=288.0, epsilon=0.0017626582665698231
reward_avg=72.3, reward_min=4.0, reward_max=313.0, epsilon=0.0017494867964444028
reward_avg=78.62, reward_min=3.0, reward_max=323.0, epsilon=0.0017364137501760372
reward_avg=79.76, reward_min=3.0, reward_max=336.0, epsilon=0.0017234383922921069
reward_avg=52.56, reward_min=2.0, reward_max=290.0, epsilon=0.0017105599928158135
reward_avg=72.46, reward_min=4.0, reward_max=281.0, epsilon=0.0016977778272251136
reward_avg=73.56, reward_min=5.0, reward_max=314.0, epsilon=0.0016850911764119568
reward_avg=69.24, reward_min=0.0, reward_max=292.0, epsilon=0.0016724993266418293
reward_avg=44.72, reward_min=1.0, reward_max=310.0, epsilon=0.0016600015695136044
reward_avg=47.34, reward_min=5.0, reward_max=314.0, epsilon=0.0016475972019196817
reward_avg=75.4, reward_min=5.0, reward_max=309.0, epsilon=0.0016352855260064355
reward_avg=34.68, reward_min=2.0, reward_max=169.0, epsilon=0.0016230658491349552
reward_avg=87.52, reward_min=2.0, reward_max=336.0, epsilon=0.0016109374838420769
reward_avg=86.22, reward_min=4.0, reward_max=318.0, epsilon=0.0015988997478017064
reward_avg=59.72, reward_min=3.0, reward_max=253.0, epsilon=0.0015869519637864335
reward_avg=68.98, reward_min=5.0, reward_max=281.0, epsilon=0.0015750934596294335
reward_avg=65.36, reward_min=2.0, reward_max=301.0, epsilon=0.0015633235681866491
reward_avg=62.92, reward_min=4.0, reward_max=332.0, epsilon=0.0015516416272992608
reward_avg=54.08, reward_min=1.0, reward_max=303.0, epsilon=0.0015400469797564327
reward_avg=78.4, reward_min=3.0, reward_max=343.0, epsilon=0.0015285389732583377
reward_avg=63.6, reward_min=4.0, reward_max=310.0, epsilon=0.0015171169603794643
reward_avg=71.58, reward_min=6.0, reward_max=323.0, epsilon=0.0015057802985321892
reward_avg=75.42, reward_min=5.0, reward_max=314.0, epsilon=0.0014945283499306274
reward_avg=46.84, reward_min=2.0, reward_max=276.0, epsilon=0.0014833604815547496
reward_avg=89.02, reward_min=6.0, reward_max=305.0, epsilon=0.0014722760651147727
reward_avg=83.7, reward_min=3.0, reward_max=340.0, epsilon=0.0014612744770158119
reward_avg=68.12, reward_min=3.0, reward_max=334.0, epsilon=0.0014503550983227945
reward_avg=55.38, reward_min=3.0, reward_max=259.0, epsilon=0.001439517314725645
reward_avg=80.96, reward_min=2.0, reward_max=293.0, epsilon=0.0014287605165047212
reward_avg=55.84, reward_min=1.0, reward_max=330.0, epsilon=0.0014180840984965146
reward_avg=63.44, reward_min=2.0, reward_max=239.0, epsilon=0.0014074874600595992
reward_avg=74.5, reward_min=5.0, reward_max=290.0, epsilon=0.001396970005040848
reward_avg=84.02, reward_min=8.0, reward_max=275.0, epsilon=0.0013865311417418883
reward_avg=53.38, reward_min=4.0, reward_max=254.0, epsilon=0.001376170282885817
reward_avg=101.08, reward_min=3.0, reward_max=358.0, epsilon=0.001365886845584158
reward_avg=66.6, reward_min=4.0, reward_max=259.0, epsilon=0.0013556802513040728
reward_avg=68.26, reward_min=1.0, reward_max=325.0, epsilon=0.0013455499258358116
reward_avg=47.54, reward_min=3.0, reward_max=323.0, epsilon=0.0013354952992604085
reward_avg=74.02, reward_min=3.0, reward_max=296.0, epsilon=0.0013255158059176189
reward_avg=60.24, reward_min=4.0, reward_max=327.0, epsilon=0.0013156108843740966
reward_avg=68.04, reward_min=1.0, reward_max=320.0, epsilon=0.0013057799773918066
reward_avg=75.42, reward_min=4.0, reward_max=282.0, epsilon=0.0012960225318966818
reward_avg=74.46, reward_min=3.0, reward_max=309.0, epsilon=0.0012863379989474968
reward_avg=81.26, reward_min=3.0, reward_max=302.0, epsilon=0.0012767258337049955
reward_avg=56.68, reward_min=2.0, reward_max=217.0, epsilon=0.0012671854954012338
reward_avg=88.76, reward_min=4.0, reward_max=295.0, epsilon=0.0012577164473091588
reward_avg=85.72, reward_min=5.0, reward_max=316.0, epsilon=0.001248318156712411
reward_avg=67.9, reward_min=3.0, reward_max=344.0, epsilon=0.001238990094875357
reward_avg=45.82, reward_min=4.0, reward_max=264.0, epsilon=0.001229731737013342
reward_avg=36.48, reward_min=3.0, reward_max=312.0, epsilon=0.0012205425622631664
reward_avg=38.78, reward_min=4.0, reward_max=333.0, epsilon=0.001211422053653782
reward_avg=39.98, reward_min=3.0, reward_max=270.0, epsilon=0.0012023696980772085
reward_avg=44.0, reward_min=4.0, reward_max=289.0, epsilon=0.001193384986259668
reward_avg=41.14, reward_min=3.0, reward_max=278.0, epsilon=0.0011844674127329331
reward_avg=23.58, reward_min=4.0, reward_max=103.0, epsilon=0.0011756164758058875
reward_avg=39.08, reward_min=7.0, reward_max=172.0, epsilon=0.0011668316775363045
reward_avg=77.1, reward_min=5.0, reward_max=303.0, epsilon=0.0011581125237028322
reward_avg=59.02, reward_min=4.0, reward_max=300.0, epsilon=0.0011494585237771904
reward_avg=69.84, reward_min=6.0, reward_max=300.0, epsilon=0.0011408691908965716
reward_avg=62.94, reward_min=5.0, reward_max=257.0, epsilon=0.001132344041836256
reward_avg=49.26, reward_min=5.0, reward_max=261.0, epsilon=0.0011238825969824176
reward_avg=67.94, reward_min=5.0, reward_max=298.0, epsilon=0.001115484380305148
reward_avg=60.96, reward_min=5.0, reward_max=240.0, epsilon=0.0011071489193316744
reward_avg=58.88, reward_min=2.0, reward_max=293.0, epsilon=0.00109887574511978
reward_avg=62.54, reward_min=9.0, reward_max=265.0, epsilon=0.0010906643922314174
reward_avg=77.58, reward_min=6.0, reward_max=313.0, epsilon=0.0010825143987065282
reward_avg=74.14, reward_min=6.0, reward_max=268.0, epsilon=0.0010744253060370533
reward_avg=52.42, reward_min=5.0, reward_max=310.0, epsilon=0.0010663966591411339
reward_avg=52.06, reward_min=2.0, reward_max=271.0, epsilon=0.0010584280063375142